c:\users\mathi\downloads\sfml mall\obj\x64\template\debug\vc143.pdb
c:\users\mathi\downloads\sfml mall\obj\x64\template\debug\vc143.idb
c:\users\mathi\downloads\sfml mall\obj\x64\template\debug\scoreboard.obj
c:\users\mathi\downloads\sfml mall\obj\x64\template\debug\score.obj
c:\users\mathi\downloads\sfml mall\obj\x64\template\debug\astroid.obj
c:\users\mathi\downloads\sfml mall\obj\x64\template\debug\game.obj
c:\users\mathi\downloads\sfml mall\obj\x64\template\debug\flyingballon.obj
c:\users\mathi\downloads\sfml mall\obj\x64\template\debug\player.obj
c:\users\mathi\downloads\sfml mall\obj\x64\template\debug\movingobjects.obj
c:\users\mathi\downloads\sfml mall\obj\x64\template\debug\laserhandler.obj
c:\users\mathi\downloads\sfml mall\obj\x64\template\debug\laser.obj
c:\users\mathi\downloads\sfml mall\bin\x64\templated.exe
c:\users\mathi\downloads\sfml mall\obj\x64\template\debug\templated.ilk
c:\users\mathi\downloads\sfml mall\bin\x64\templated.pdb
c:\users\mathi\downloads\sfml mall\codepc\../bin/x64/templated.pdb
c:\users\mathi\downloads\sfml mall\codepc\../obj/x64/template/debug/mainprogram.vcxproj.filelistabsolute.txt
c:\users\mathi\downloads\sfml mall\obj\x64\template\debug\template.tlog\cl.command.1.tlog
c:\users\mathi\downloads\sfml mall\obj\x64\template\debug\template.tlog\cl.items.tlog
c:\users\mathi\downloads\sfml mall\obj\x64\template\debug\template.tlog\cl.read.1.tlog
c:\users\mathi\downloads\sfml mall\obj\x64\template\debug\template.tlog\cl.write.1.tlog
c:\users\mathi\downloads\sfml mall\obj\x64\template\debug\template.tlog\link.command.1.tlog
c:\users\mathi\downloads\sfml mall\obj\x64\template\debug\template.tlog\link.read.1.tlog
c:\users\mathi\downloads\sfml mall\obj\x64\template\debug\template.tlog\link.write.1.tlog
